0 info it worked if it ends with ok
1 verbose cli [ '/usr/local/bin/node',
1 verbose cli   '/usr/local/bin/npm',
1 verbose cli   'install',
1 verbose cli   'path/to/node-mongodb-native' ]
2 info using npm@1.2.18
3 info using node@v0.10.5
4 verbose read json /home/tony/opensources/Local_Vqiji/package.json
5 verbose read json /home/tony/opensources/Local_Vqiji/package.json
6 verbose cache add [ 'path/to/node-mongodb-native', null ]
7 verbose cache add name=undefined spec="path/to/node-mongodb-native" args=["path/to/node-mongodb-native",null]
8 verbose parsed url { protocol: null,
8 verbose parsed url   slashes: null,
8 verbose parsed url   auth: null,
8 verbose parsed url   host: null,
8 verbose parsed url   port: null,
8 verbose parsed url   hostname: null,
8 verbose parsed url   hash: null,
8 verbose parsed url   search: null,
8 verbose parsed url   query: null,
8 verbose parsed url   pathname: 'path/to/node-mongodb-native',
8 verbose parsed url   path: 'path/to/node-mongodb-native',
8 verbose parsed url   href: 'path/to/node-mongodb-native' }
9 silly lockFile 8b1aac59-path-to-node-mongodb-native path/to/node-mongodb-native
10 verbose lock path/to/node-mongodb-native /home/tony/.npm/8b1aac59-path-to-node-mongodb-native.lock
11 silly lockFile 8b1aac59-path-to-node-mongodb-native path/to/node-mongodb-native
12 silly lockFile 8b1aac59-path-to-node-mongodb-native path/to/node-mongodb-native
13 error addLocal Could not install path/to/node-mongodb-native
14 error Error: ENOENT, stat 'path/to/node-mongodb-native'
15 error If you need help, you may report this log at:
15 error     <http://github.com/isaacs/npm/issues>
15 error or email it to:
15 error     <npm-@googlegroups.com>
16 error System Linux 3.5.0-39-generic
17 error command "/usr/local/bin/node" "/usr/local/bin/npm" "install" "path/to/node-mongodb-native"
18 error cwd /home/tony/opensources/Local_Vqiji
19 error node -v v0.10.5
20 error npm -v 1.2.18
21 error path path/to/node-mongodb-native
22 error code ENOENT
23 error errno 34
24 verbose exit [ 34, true ]
